16:01:33 **** Incremental Build of configuration Nios II for project prime_number ****
make all 
Info: Building ../prime_number_bsp/
C:/intelFPGA_lite/18.1/nios2eds/bin/gnu/H-x86_64-mingw32/bin/make --no-print-directory -C ../prime_number_bsp/
[BSP build complete]
Info: Compiling source.c to obj/default/source.o
nios2-elf-gcc -xc -MP -MMD -c -I../prime_number_bsp//HAL/inc -I../prime_number_bsp/ -I../prime_number_bsp//drivers/inc  -pipe -D__hal__ -DALT_NO_INSTRUCTION_EMULATION -DALT_USE_SMALL_DRIVERS -DSMALL_C_LIB -DALT_SINGLE_THREADED    -O0 -g -Wall   -mno-hw-div -mno-hw-mul -mno-hw-mulx -mgpopt=global  -o obj/default/source.o source.c
Info: Linking prime_number.elf
nios2-elf-g++  -T'../prime_number_bsp//linker.x' -msys-crt0='../prime_number_bsp//obj/HAL/src/crt0.o' -msys-lib=hal_bsp -L../prime_number_bsp/  -msmallc  -Wl,-Map=prime_number.map   -O0 -g -Wall   -mno-hw-div -mno-hw-mul -mno-hw-mulx -mgpopt=global  -o prime_number.elf obj/default/source.o -lm -msys-lib=m
nios2-elf-insert prime_number.elf --thread_model hal --cpu_name nios2_gen2_0 --qsys true --simulation_enabled false --stderr_dev jtag_uart_0 --stdin_dev jtag_uart_0 --stdout_dev jtag_uart_0 --sopc_system_name system --quartus_project_dir "D:/SoC/Individual_SoC" --jdi ../..//output_files/Individual_SoC.jdi --sopcinfo D:/SoC/Individual_SoC/Software/prime_number_bsp/../../system.sopcinfo
Info: (prime_number.elf) 10 KBytes program size (code + initialized data).
Info:                    20 KBytes free for stack + heap.
Info: Creating prime_number.objdump
nios2-elf-objdump --disassemble --syms --all-header --source prime_number.elf >prime_number.objdump
[prime_number build complete]
16:01:39 **** Build of configuration Nios II for project prime_number ****
make all 
Info: Building ../prime_number_bsp/
C:/intelFPGA_lite/18.1/nios2eds/bin/gnu/H-x86_64-mingw32/bin/make --no-print-directory -C ../prime_number_bsp/
[BSP build complete]
[prime_number build complete]
16:01:40 **** Incremental Build of configuration Nios II for project prime_number ****
make all 
Info: Building ../prime_number_bsp/
C:/intelFPGA_lite/18.1/nios2eds/bin/gnu/H-x86_64-mingw32/bin/make --no-print-directory -C ../prime_number_bsp/
[BSP build complete]
[prime_number build complete]
16:15:27 **** Build of configuration Nios II for project prime_number ****
make all 
Info: Building ../prime_number_bsp/
C:/intelFPGA_lite/18.1/nios2eds/bin/gnu/H-x86_64-mingw32/bin/make --no-print-directory -C ../prime_number_bsp/
[BSP build complete]
[prime_number build complete]
16:15:29 **** Incremental Build of configuration Nios II for project prime_number ****
make all 
Info: Building ../prime_number_bsp/
C:/intelFPGA_lite/18.1/nios2eds/bin/gnu/H-x86_64-mingw32/bin/make --no-print-directory -C ../prime_number_bsp/
[BSP build complete]
[prime_number build complete]
