Flow report for Individual_SoC
Sat Dec 28 11:08:16 2024
Quartus Prime Version 18.1.0 Build 625 09/12/2018 SJ Lite Edition


---------------------
; Table of Contents ;
---------------------
  1. Legal Notice
  2. Flow Summary
  3. Flow Settings
  4. Flow Non-Default Global Settings
  5. Flow Elapsed Time
  6. Flow OS Summary
  7. Flow Log
  8. Flow Messages
  9. Flow Suppressed Messages



----------------
; Legal Notice ;
----------------
Copyright (C) 2018  Intel Corporation. All rights reserved.
Your use of Intel Corporation's design tools, logic functions 
and other software and tools, and its AMPP partner logic 
functions, and any output files from any of the foregoing 
(including device programming or simulation files), and any 
associated documentation or information are expressly subject 
to the terms and conditions of the Intel Program License 
Subscription Agreement, the Intel Quartus Prime License Agreement,
the Intel FPGA IP License Agreement, or other applicable license
agreement, including, without limitation, that your use is for
the sole purpose of programming logic devices manufactured by
Intel and sold by Intel or its authorized distributors.  Please
refer to the applicable agreement for further details.



+-------------------------------------------------------------------------------+
; Flow Summary                                                                  ;
+---------------------------------+---------------------------------------------+
; Flow Status                     ; Successful - Sat Dec 28 11:08:07 2024       ;
; Quartus Prime Version           ; 18.1.0 Build 625 09/12/2018 SJ Lite Edition ;
; Revision Name                   ; Individual_SoC                              ;
; Top-level Entity Name           ; Individual_SoC                              ;
; Family                          ; Cyclone V                                   ;
; Device                          ; 5CSXFC6D6F31C6                              ;
; Timing Models                   ; Final                                       ;
; Logic utilization (in ALMs)     ; 796 / 41,910 ( 2 % )                        ;
; Total registers                 ; 1145                                        ;
; Total pins                      ; 46 / 499 ( 9 % )                            ;
; Total virtual pins              ; 0                                           ;
; Total block memory bits         ; 273,408 / 5,662,720 ( 5 % )                 ;
; Total DSP Blocks                ; 2 / 112 ( 2 % )                             ;
; Total HSSI RX PCSs              ; 0 / 9 ( 0 % )                               ;
; Total HSSI PMA RX Deserializers ; 0 / 9 ( 0 % )                               ;
; Total HSSI TX PCSs              ; 0 / 9 ( 0 % )                               ;
; Total HSSI PMA TX Serializers   ; 0 / 9 ( 0 % )                               ;
; Total PLLs                      ; 0 / 15 ( 0 % )                              ;
; Total DLLs                      ; 0 / 4 ( 0 % )                               ;
+---------------------------------+---------------------------------------------+


+-----------------------------------------+
; Flow Settings                           ;
+-------------------+---------------------+
; Option            ; Setting             ;
+-------------------+---------------------+
; Start date & time ; 12/28/2024 11:06:34 ;
; Main task         ; Compilation         ;
; Revision Name     ; Individual_SoC      ;
+-------------------+---------------------+


+----------------------------------------------------------------------------------------------------------------------------------------------------+
; Flow Non-Default Global Settings                                                                                                                   ;
+-------------------------------------+----------------------------------------------------------+---------------+----------------------+------------+
; Assignment Name                     ; Value                                                    ; Default Value ; Entity Name          ; Section Id ;
+-------------------------------------+----------------------------------------------------------+---------------+----------------------+------------+
; COMPILER_SIGNATURE_ID               ; 96830619554854.173535879410300                           ; --            ; --                   ; --         ;
; MAX_CORE_JUNCTION_TEMP              ; 85                                                       ; --            ; --                   ; --         ;
; MIN_CORE_JUNCTION_TEMP              ; 0                                                        ; --            ; --                   ; --         ;
; MISC_FILE                           ; system/synthesis/../system.cmp                           ; --            ; --                   ; --         ;
; MISC_FILE                           ; system/synthesis/../../system.qsys                       ; --            ; --                   ; --         ;
; PARTITION_COLOR                     ; -- (Not supported for targeted family)                   ; --            ; DE10_Standard_VIP_TV ; Top        ;
; PARTITION_COLOR                     ; -- (Not supported for targeted family)                   ; --            ; --                   ; Top        ;
; PARTITION_COLOR                     ; -- (Not supported for targeted family)                   ; --            ; Soc                  ; Top        ;
; PARTITION_FITTER_PRESERVATION_LEVEL ; -- (Not supported for targeted family)                   ; --            ; DE10_Standard_VIP_TV ; Top        ;
; PARTITION_FITTER_PRESERVATION_LEVEL ; -- (Not supported for targeted family)                   ; --            ; --                   ; Top        ;
; PARTITION_FITTER_PRESERVATION_LEVEL ; -- (Not supported for targeted family)                   ; --            ; Soc                  ; Top        ;
; PARTITION_NETLIST_TYPE              ; -- (Not supported for targeted family)                   ; --            ; DE10_Standard_VIP_TV ; Top        ;
; PARTITION_NETLIST_TYPE              ; -- (Not supported for targeted family)                   ; --            ; --                   ; Top        ;
; PARTITION_NETLIST_TYPE              ; -- (Not supported for targeted family)                   ; --            ; Soc                  ; Top        ;
; POWER_BOARD_THERMAL_MODEL           ; None (CONSERVATIVE)                                      ; --            ; --                   ; --         ;
; POWER_PRESET_COOLING_SOLUTION       ; 23 MM HEAT SINK WITH 200 LFPM AIRFLOW                    ; --            ; --                   ; --         ;
; PROJECT_OUTPUT_DIRECTORY            ; output_files                                             ; --            ; --                   ; --         ;
; SLD_FILE                            ; system/synthesis/system.regmap                           ; --            ; --                   ; --         ;
; SLD_FILE                            ; system/synthesis/system.debuginfo                        ; --            ; --                   ; --         ;
; SLD_INFO                            ; QSYS_NAME system HAS_SOPCINFO 1 GENERATION_ID 1735358657 ; --            ; system               ; --         ;
; SOPCINFO_FILE                       ; system/synthesis/../../system.sopcinfo                   ; --            ; --                   ; --         ;
; SYNTHESIS_ONLY_QIP                  ; On                                                       ; --            ; --                   ; --         ;
+-------------------------------------+----------------------------------------------------------+---------------+----------------------+------------+


+--------------------------------------------------------------------------------------------------------------------------+
; Flow Elapsed Time                                                                                                        ;
+----------------------+--------------+-------------------------+---------------------+------------------------------------+
; Module Name          ; Elapsed Time ; Average Processors Used ; Peak Virtual Memory ; Total CPU Time (on all processors) ;
+----------------------+--------------+-------------------------+---------------------+------------------------------------+
; Analysis & Synthesis ; 00:00:24     ; 1.0                     ; 4999 MB             ; 00:00:14                           ;
; Fitter               ; 00:00:58     ; 1.1                     ; 6937 MB             ; 00:00:48                           ;
; Assembler            ; 00:00:07     ; 1.0                     ; 4868 MB             ; 00:00:03                           ;
; Timing Analyzer      ; 00:00:08     ; 1.5                     ; 5231 MB             ; 00:00:07                           ;
; Total                ; 00:01:37     ; --                      ; --                  ; 00:01:12                           ;
+----------------------+--------------+-------------------------+---------------------+------------------------------------+


+------------------------------------------------------------------------------------+
; Flow OS Summary                                                                    ;
+----------------------+------------------+------------+------------+----------------+
; Module Name          ; Machine Hostname ; OS Name    ; OS Version ; Processor type ;
+----------------------+------------------+------------+------------+----------------+
; Analysis & Synthesis ; DESKTOP-28M4JRG  ; Windows 10 ; 10.0       ; x86_64         ;
; Fitter               ; DESKTOP-28M4JRG  ; Windows 10 ; 10.0       ; x86_64         ;
; Assembler            ; DESKTOP-28M4JRG  ; Windows 10 ; 10.0       ; x86_64         ;
; Timing Analyzer      ; DESKTOP-28M4JRG  ; Windows 10 ; 10.0       ; x86_64         ;
+----------------------+------------------+------------+------------+----------------+


------------
; Flow Log ;
------------
quartus_map --read_settings_files=on --write_settings_files=off Individual_SoC -c Individual_SoC
quartus_fit --read_settings_files=off --write_settings_files=off Individual_SoC -c Individual_SoC
quartus_asm --read_settings_files=off --write_settings_files=off Individual_SoC -c Individual_SoC
quartus_sta Individual_SoC -c Individual_SoC



